<?xml version="1.0" encoding="UTF-8"?>
<!-- Generated by org.testng.reporters.JUnitReportReporter -->
<testsuite hostname="DESKTOP-U37PG88" failures="0" tests="3" name="package3.testNG_code" time="6.935" errors="0" timestamp="2024-02-27T20:01:07 BDT" skipped="0">
  <testcase classname="package3.testNG_code" name="navigateToContact" time="6.862"/>
  <system-out/>
  <testcase classname="package3.testNG_code" name="clickOnRadioBtn" time="0.068"/>
  <system-out/>
  <testcase classname="package3.testNG_code" name="test3" time="0.005"/>
  <system-out/>
</testsuite> <!-- package3.testNG_code -->
